<?xml version="1.0" encoding="UTF-8"?>
<!-- Generated by org.testng.reporters.JUnitReportReporter -->
<testsuite hostname="DESKTOP-LLFDLM5" failures="0" tests="3" name="testRunner.RunSearchEmail" time="53.541" errors="0" timestamp="2024-01-01T18:22:44 IST" skipped="0">
  <testcase classname="testRunner.RunSearchEmail" name="runScenario" time="20.990"/>
  <testcase classname="testRunner.RunSearchEmail" name="runScenario" time="19.918"/>
  <testcase classname="testRunner.RunSearchEmail" name="runScenario" time="12.633"/>
</testsuite> <!-- testRunner.RunSearchEmail -->
