<?xml version="1.0" encoding="UTF-8"?>
<!-- Generated by org.testng.reporters.JUnitReportReporter -->
<testsuite hostname="DESKTOP-LLFDLM5" failures="0" tests="3" name="testRunner.RunSearchEmail" time="76.539" errors="0" timestamp="2024-01-01T22:06:44 IST" skipped="0">
  <testcase classname="testRunner.RunSearchEmail" name="runScenario" time="35.226"/>
  <testcase classname="testRunner.RunSearchEmail" name="runScenario" time="17.529"/>
  <testcase classname="testRunner.RunSearchEmail" name="runScenario" time="23.784"/>
</testsuite> <!-- testRunner.RunSearchEmail -->
